{"D:\\AnimalSale\\backend\\src\\controllers\\animals.ts": {"path":"D:\\AnimalSale\\backend\\src\\controllers\\animals.ts","statementMap":{"0":{"start":{"line":2,"column":0},"end":{"line":2,"column":48}},"1":{"start":{"line":3,"column":0},"end":{"line":3,"column":44}},"2":{"start":{"line":4,"column":0},"end":{"line":4,"column":28}},"3":{"start":{"line":7,"column":22},"end":{"line":14,"column":2}},"4":{"start":{"line":9,"column":4},"end":{"line":9,"column":30}},"5":{"start":{"line":12,"column":4},"end":{"line":12,"column":51}},"6":{"start":{"line":17,"column":25},"end":{"line":27,"column":1}},"7":{"start":{"line":22,"column":2},"end":{"line":26,"column":3}},"8":{"start":{"line":23,"column":4},"end":{"line":23,"column":19}},"9":{"start":{"line":25,"column":4},"end":{"line":25,"column":20}},"10":{"start":{"line":29,"column":13},"end":{"line":35,"column":3}},"11":{"start":{"line":38,"column":21},"end":{"line":72,"column":1}},"12":{"start":{"line":39,"column":2},"end":{"line":71,"column":5}},"13":{"start":{"line":40,"column":4},"end":{"line":40,"column":89}},"14":{"start":{"line":40,"column":13},"end":{"line":40,"column":89}},"15":{"start":{"line":42,"column":22},"end":{"line":42,"column":71}},"16":{"start":{"line":44,"column":4},"end":{"line":50,"column":5}},"17":{"start":{"line":45,"column":8},"end":{"line":49,"column":11}},"18":{"start":{"line":52,"column":66},"end":{"line":52,"column":74}},"19":{"start":{"line":54,"column":4},"end":{"line":54,"column":79}},"20":{"start":{"line":54,"column":19},"end":{"line":54,"column":79}},"21":{"start":{"line":56,"column":22},"end":{"line":56,"column":55}},"22":{"start":{"line":58,"column":16},"end":{"line":61,"column":6}},"23":{"start":{"line":63,"column":4},"end":{"line":70,"column":7}},"24":{"start":{"line":64,"column":6},"end":{"line":64,"column":86}},"25":{"start":{"line":64,"column":15},"end":{"line":64,"column":86}},"26":{"start":{"line":66,"column":6},"end":{"line":69,"column":9}},"27":{"start":{"line":75,"column":18},"end":{"line":103,"column":null}},"28":{"start":{"line":75,"column":56},"end":{"line":103,"column":null}},"29":{"start":{"line":76,"column":4},"end":{"line":102,"column":5}},"30":{"start":{"line":77,"column":18},"end":{"line":77,"column":40}},"31":{"start":{"line":78,"column":8},"end":{"line":95,"column":13}},"32":{"start":{"line":79,"column":12},"end":{"line":94,"column":13}},"33":{"start":{"line":80,"column":14},"end":{"line":84,"column":17}},"34":{"start":{"line":88,"column":14},"end":{"line":93,"column":17}},"35":{"start":{"line":97,"column":8},"end":{"line":101,"column":null}},"36":{"start":{"line":106,"column":21},"end":{"line":142,"column":2}},"37":{"start":{"line":106,"column":59},"end":{"line":142,"column":2}},"38":{"start":{"line":107,"column":2},"end":{"line":141,"column":3}},"39":{"start":{"line":108,"column":21},"end":{"line":108,"column":29}},"40":{"start":{"line":110,"column":4},"end":{"line":116,"column":5}},"41":{"start":{"line":111,"column":6},"end":{"line":115,"column":9}},"42":{"start":{"line":118,"column":16},"end":{"line":118,"column":53}},"43":{"start":{"line":119,"column":4},"end":{"line":134,"column":7}},"44":{"start":{"line":120,"column":6},"end":{"line":126,"column":7}},"45":{"start":{"line":121,"column":8},"end":{"line":125,"column":11}},"46":{"start":{"line":128,"column":6},"end":{"line":133,"column":9}},"47":{"start":{"line":136,"column":4},"end":{"line":140,"column":7}},"48":{"start":{"line":145,"column":0},"end":{"line":149,"column":null}}},"fnMap":{"0":{"name":"(anonymous_8)","decl":{"start":{"line":8,"column":15},"end":{"line":8,"column":25}},"loc":{"start":{"line":8,"column":38},"end":{"line":10,"column":3}}},"1":{"name":"(anonymous_9)","decl":{"start":{"line":11,"column":12},"end":{"line":11,"column":22}},"loc":{"start":{"line":11,"column":35},"end":{"line":13,"column":3}}},"2":{"name":"(anonymous_10)","decl":{"start":{"line":17,"column":25},"end":{"line":17,"column":null}},"loc":{"start":{"line":20,"column":41},"end":{"line":27,"column":1}}},"3":{"name":"(anonymous_11)","decl":{"start":{"line":38,"column":21},"end":{"line":38,"column":22}},"loc":{"start":{"line":38,"column":53},"end":{"line":72,"column":1}}},"4":{"name":"(anonymous_12)","decl":{"start":{"line":39,"column":39},"end":{"line":39,"column":40}},"loc":{"start":{"line":39,"column":47},"end":{"line":71,"column":3}}},"5":{"name":"(anonymous_13)","decl":{"start":{"line":63,"column":26},"end":{"line":63,"column":27}},"loc":{"start":{"line":63,"column":42},"end":{"line":70,"column":5}}},"6":{"name":"(anonymous_14)","decl":{"start":{"line":75,"column":18},"end":{"line":75,"column":25}},"loc":{"start":{"line":75,"column":56},"end":{"line":103,"column":null}}},"7":{"name":"(anonymous_15)","decl":{"start":{"line":75,"column":56},"end":{"line":75,"column":null}},"loc":{"start":{"line":75,"column":56},"end":{"line":103,"column":1}}},"8":{"name":"(anonymous_16)","decl":{"start":{"line":78,"column":30},"end":{"line":78,"column":40}},"loc":{"start":{"line":78,"column":51},"end":{"line":95,"column":11}}},"9":{"name":"(anonymous_17)","decl":{"start":{"line":106,"column":21},"end":{"line":106,"column":28}},"loc":{"start":{"line":106,"column":59},"end":{"line":142,"column":2}}},"10":{"name":"(anonymous_18)","decl":{"start":{"line":106,"column":59},"end":{"line":106,"column":null}},"loc":{"start":{"line":106,"column":59},"end":{"line":142,"column":1}}},"11":{"name":"(anonymous_19)","decl":{"start":{"line":119,"column":34},"end":{"line":119,"column":35}},"loc":{"start":{"line":119,"column":50},"end":{"line":134,"column":5}}}},"branchMap":{"0":{"loc":{"start":{"line":22,"column":2},"end":{"line":26,"column":3}},"type":"if","locations":[{"start":{"line":22,"column":2},"end":{"line":26,"column":3}},{"start":{"line":24,"column":9},"end":{"line":26,"column":3}}]},"1":{"loc":{"start":{"line":40,"column":4},"end":{"line":40,"column":89}},"type":"if","locations":[{"start":{"line":40,"column":4},"end":{"line":40,"column":89}}]},"2":{"loc":{"start":{"line":44,"column":4},"end":{"line":50,"column":5}},"type":"if","locations":[{"start":{"line":44,"column":4},"end":{"line":50,"column":5}}]},"3":{"loc":{"start":{"line":54,"column":4},"end":{"line":54,"column":79}},"type":"if","locations":[{"start":{"line":54,"column":4},"end":{"line":54,"column":79}}]},"4":{"loc":{"start":{"line":64,"column":6},"end":{"line":64,"column":86}},"type":"if","locations":[{"start":{"line":64,"column":6},"end":{"line":64,"column":86}}]},"5":{"loc":{"start":{"line":79,"column":12},"end":{"line":94,"column":13}},"type":"if","locations":[{"start":{"line":79,"column":12},"end":{"line":94,"column":13}},{"start":{"line":85,"column":17},"end":{"line":94,"column":13}}]},"6":{"loc":{"start":{"line":110,"column":4},"end":{"line":116,"column":5}},"type":"if","locations":[{"start":{"line":110,"column":4},"end":{"line":116,"column":5}}]},"7":{"loc":{"start":{"line":120,"column":6},"end":{"line":126,"column":7}},"type":"if","locations":[{"start":{"line":120,"column":6},"end":{"line":126,"column":7}}]}},"s":{"0":1,"1":1,"2":1,"3":1,"4":1,"5":1,"6":1,"7":1,"8":1,"9":0,"10":1,"11":1,"12":2,"13":2,"14":0,"15":2,"16":2,"17":0,"18":2,"19":2,"20":1,"21":1,"22":1,"23":1,"24":0,"25":0,"26":0,"27":1,"28":2,"29":2,"30":2,"31":2,"32":2,"33":1,"34":1,"35":0,"36":1,"37":3,"38":3,"39":3,"40":3,"41":1,"42":2,"43":2,"44":2,"45":1,"46":1,"47":0,"48":1},"f":{"0":1,"1":1,"2":1,"3":2,"4":2,"5":0,"6":2,"7":2,"8":2,"9":3,"10":3,"11":2},"b":{"0":[1,0],"1":[0],"2":[0],"3":[1],"4":[0],"5":[1,1],"6":[1],"7":[1]}}
,"D:\\AnimalSale\\backend\\src\\controllers\\validate_schema.ts": {"path":"D:\\AnimalSale\\backend\\src\\controllers\\validate_schema.ts","statementMap":{"0":{"start":{"line":1,"column":0},"end":{"line":1,"column":22}},"1":{"start":{"line":3,"column":27},"end":{"line":18,"column":2}},"2":{"start":{"line":21,"column":0},"end":{"line":23,"column":null}}},"fnMap":{},"branchMap":{},"s":{"0":1,"1":1,"2":1},"f":{},"b":{}}
,"D:\\AnimalSale\\backend\\src\\routes\\routes.ts": {"path":"D:\\AnimalSale\\backend\\src\\routes\\routes.ts","statementMap":{"0":{"start":{"line":1,"column":0},"end":{"line":1,"column":30}},"1":{"start":{"line":2,"column":0},"end":{"line":2,"column":51}},"2":{"start":{"line":4,"column":15},"end":{"line":4,"column":31}},"3":{"start":{"line":6,"column":0},"end":{"line":6,"column":null}},"4":{"start":{"line":8,"column":0},"end":{"line":8,"column":null}},"5":{"start":{"line":10,"column":0},"end":{"line":10,"column":null}},"6":{"start":{"line":12,"column":0},"end":{"line":12,"column":16}}},"fnMap":{},"branchMap":{},"s":{"0":1,"1":1,"2":1,"3":1,"4":1,"5":1,"6":1},"f":{},"b":{}}
}
