TN:
SF:src\controllers\animals.ts
FN:8,(anonymous_8)
FN:11,(anonymous_9)
FN:17,(anonymous_10)
FN:38,(anonymous_11)
FN:39,(anonymous_12)
FN:63,(anonymous_13)
FN:75,(anonymous_14)
FN:75,(anonymous_15)
FN:78,(anonymous_16)
FN:106,(anonymous_17)
FN:106,(anonymous_18)
FN:119,(anonymous_19)
FNF:12
FNH:11
FNDA:1,(anonymous_8)
FNDA:1,(anonymous_9)
FNDA:1,(anonymous_10)
FNDA:2,(anonymous_11)
FNDA:2,(anonymous_12)
FNDA:0,(anonymous_13)
FNDA:2,(anonymous_14)
FNDA:2,(anonymous_15)
FNDA:2,(anonymous_16)
FNDA:3,(anonymous_17)
FNDA:3,(anonymous_18)
FNDA:2,(anonymous_19)
DA:2,1
DA:3,1
DA:4,1
DA:7,1
DA:9,1
DA:12,1
DA:17,1
DA:22,1
DA:23,1
DA:25,0
DA:29,1
DA:38,1
DA:39,2
DA:40,2
DA:42,2
DA:44,2
DA:45,0
DA:52,2
DA:54,2
DA:56,1
DA:58,1
DA:63,1
DA:64,0
DA:66,0
DA:75,2
DA:76,2
DA:77,2
DA:78,2
DA:79,2
DA:80,1
DA:88,1
DA:97,0
DA:106,3
DA:107,3
DA:108,3
DA:110,3
DA:111,1
DA:118,2
DA:119,2
DA:120,2
DA:121,1
DA:128,1
DA:136,0
DA:145,1
LF:44
LH:38
BRDA:22,0,0,1
BRDA:22,0,1,0
BRDA:40,1,0,0
BRDA:44,2,0,0
BRDA:54,3,0,1
BRDA:64,4,0,0
BRDA:79,5,0,1
BRDA:79,5,1,1
BRDA:110,6,0,1
BRDA:120,7,0,1
BRF:10
BRH:6
end_of_record
TN:
SF:src\controllers\validate_schema.ts
FNF:0
FNH:0
DA:1,1
DA:3,1
DA:21,1
LF:3
LH:3
BRF:0
BRH:0
end_of_record
TN:
SF:src\routes\routes.ts
FNF:0
FNH:0
DA:1,1
DA:2,1
DA:4,1
DA:6,1
DA:8,1
DA:10,1
DA:12,1
LF:7
LH:7
BRF:0
BRH:0
end_of_record
